2018-02-05 14:44:21,849 INFO - run
2018-02-05 14:44:21,849 INFO - type = dns
2018-02-05 14:44:21,852 INFO - run
2018-02-05 14:44:21,852 INFO - type = http
2018-02-05 14:44:26,858 INFO - Starting new HTTP connection (1): nicode.me
2018-02-05 14:44:26,861 DEBUG - mac : 08:00:27:54:8b:1b->52:54:00:12:35:02
2018-02-05 14:44:26,862 DEBUG - mac : 08:00:27:54:8b:1b->52:54:00:12:35:02
2018-02-05 14:44:26,886 DEBUG - mac : 52:54:00:12:35:02->08:00:27:54:8b:1b
2018-02-05 14:44:26,894 DEBUG - mac : 52:54:00:12:35:02->08:00:27:54:8b:1b
2018-02-05 14:44:26,908 INFO - new entry in database(DNS)
2018-02-05 14:44:26,941 DEBUG - "GET /index.html HTTP/1.1" 200 3755
2018-02-05 14:44:36,017 DEBUG - mac : 08:00:27:54:8b:1b->52:54:00:12:35:02
2018-02-05 14:44:36,031 DEBUG - mac : 52:54:00:12:35:02->08:00:27:54:8b:1b
2018-02-05 14:44:36,032 DEBUG - mac : 08:00:27:54:8b:1b->52:54:00:12:35:02
2018-02-05 14:44:36,048 DEBUG - mac : 52:54:00:12:35:02->08:00:27:54:8b:1b
2018-02-05 14:44:36,049 DEBUG - mac : 08:00:27:54:8b:1b->52:54:00:12:35:02
2018-02-05 14:44:36,062 DEBUG - mac : 52:54:00:12:35:02->08:00:27:54:8b:1b
2018-02-05 14:44:36,063 DEBUG - mac : 08:00:27:54:8b:1b->52:54:00:12:35:02
2018-02-05 14:44:36,076 DEBUG - mac : 52:54:00:12:35:02->08:00:27:54:8b:1b
2018-02-05 14:44:44,353 INFO - run
2018-02-05 14:44:44,353 INFO - type = dns
2018-02-05 14:44:44,356 INFO - run
2018-02-05 14:44:44,357 INFO - type = http
2018-02-05 14:44:49,362 INFO - Starting new HTTP connection (1): nicode.me
2018-02-05 14:44:49,365 DEBUG - mac : 08:00:27:54:8b:1b->52:54:00:12:35:02
2018-02-05 14:44:49,366 DEBUG - mac : 08:00:27:54:8b:1b->52:54:00:12:35:02
2018-02-05 14:44:49,390 DEBUG - mac : 52:54:00:12:35:02->08:00:27:54:8b:1b
2018-02-05 14:44:49,404 INFO - new entry in database(DNS)
2018-02-05 14:44:49,408 DEBUG - mac : 52:54:00:12:35:02->08:00:27:54:8b:1b
2018-02-05 14:44:49,444 DEBUG - "GET /index.html HTTP/1.1" 200 3755
2018-02-05 14:45:04,935 INFO - run
2018-02-05 14:45:04,936 INFO - type = dns
2018-02-05 14:45:04,938 INFO - run
2018-02-05 14:45:04,938 INFO - type = http
2018-02-05 14:45:06,079 DEBUG - mac : 08:00:27:54:8b:1b->52:54:00:12:35:02
2018-02-05 14:45:06,100 DEBUG - mac : 52:54:00:12:35:02->08:00:27:54:8b:1b
2018-02-05 14:45:06,101 DEBUG - mac : 08:00:27:54:8b:1b->52:54:00:12:35:02
2018-02-05 14:45:06,115 DEBUG - mac : 52:54:00:12:35:02->08:00:27:54:8b:1b
2018-02-05 14:45:06,116 DEBUG - mac : 08:00:27:54:8b:1b->52:54:00:12:35:02
2018-02-05 14:45:06,130 DEBUG - mac : 52:54:00:12:35:02->08:00:27:54:8b:1b
2018-02-05 14:45:06,131 DEBUG - mac : 08:00:27:54:8b:1b->52:54:00:12:35:02
2018-02-05 14:45:06,145 DEBUG - mac : 52:54:00:12:35:02->08:00:27:54:8b:1b
2018-02-05 14:45:09,942 INFO - Starting new HTTP connection (1): nicode.me
2018-02-05 14:45:09,945 DEBUG - mac : 08:00:27:54:8b:1b->52:54:00:12:35:02
2018-02-05 14:45:09,946 DEBUG - mac : 08:00:27:54:8b:1b->52:54:00:12:35:02
2018-02-05 14:45:09,971 DEBUG - mac : 52:54:00:12:35:02->08:00:27:54:8b:1b
2018-02-05 14:45:09,978 DEBUG - flags : 2
2018-02-05 14:45:09,978 DEBUG - mac : 52:54:00:12:35:02->08:00:27:54:8b:1b
2018-02-05 14:45:09,982 WARNING - No corresponding domain
2018-02-05 14:45:09,992 INFO - new entry in database(DNS)
2018-02-05 14:45:09,998 DEBUG - flags : 18
2018-02-05 14:45:10,000 DEBUG - flags : 16
2018-02-05 14:45:10,001 DEBUG - flags : 24
2018-02-05 14:45:10,002 DEBUG - flags : 16
2018-02-05 14:45:10,020 DEBUG - "GET /index.html HTTP/1.1" 200 3755
2018-02-05 14:45:10,020 DEBUG - flags : 16
2018-02-05 14:45:10,021 DEBUG - flags : 16
2018-02-05 14:45:10,022 DEBUG - flags : 24
2018-02-05 14:45:10,023 DEBUG - flags : 16
2018-02-05 14:45:10,024 DEBUG - flags : 17
2018-02-05 14:45:10,024 DEBUG - flags : 16
2018-02-05 14:45:10,045 DEBUG - flags : 17
2018-02-05 14:45:10,046 DEBUG - flags : 16
2018-02-05 14:49:38,854 INFO - run
2018-02-05 14:49:38,855 INFO - type = dns
2018-02-05 14:49:38,858 INFO - run
2018-02-05 14:49:38,858 INFO - type = http
2018-02-05 14:49:43,862 INFO - Starting new HTTP connection (1): nicode.me
2018-02-05 14:49:43,865 DEBUG - mac : 08:00:27:54:8b:1b->52:54:00:12:35:02
2018-02-05 14:49:43,866 DEBUG - mac : 08:00:27:54:8b:1b->52:54:00:12:35:02
2018-02-05 14:49:43,885 DEBUG - mac : 52:54:00:12:35:02->08:00:27:54:8b:1b
2018-02-05 14:49:43,895 DEBUG - flags : 2
2018-02-05 14:49:43,900 INFO - new entry in database(DNS)
2018-02-05 14:49:43,901 DEBUG - mac : 52:54:00:12:35:02->08:00:27:54:8b:1b
2018-02-05 14:49:43,949 DEBUG - "GET /index.html HTTP/1.1" 200 3755
2018-02-05 14:49:46,044 DEBUG - mac : 08:00:27:54:8b:1b->52:54:00:12:35:02
2018-02-05 14:49:46,045 DEBUG - mac : 08:00:27:54:8b:1b->52:54:00:12:35:02
2018-02-05 14:49:46,063 DEBUG - mac : 52:54:00:12:35:02->08:00:27:54:8b:1b
2018-02-05 14:49:46,064 DEBUG - mac : 52:54:00:12:35:02->08:00:27:54:8b:1b
2018-02-05 14:49:46,065 DEBUG - mac : 08:00:27:54:8b:1b->52:54:00:12:35:02
2018-02-05 14:49:46,066 DEBUG - mac : 08:00:27:54:8b:1b->52:54:00:12:35:02
2018-02-05 14:49:46,080 DEBUG - mac : 52:54:00:12:35:02->08:00:27:54:8b:1b
2018-02-05 14:49:46,085 DEBUG - mac : 52:54:00:12:35:02->08:00:27:54:8b:1b
2018-02-05 14:52:00,330 INFO - run
2018-02-05 14:52:00,331 INFO - type = dns
2018-02-05 14:52:00,333 INFO - run
2018-02-05 14:52:00,333 INFO - type = http
2018-02-05 14:52:05,342 INFO - Starting new HTTP connection (1): nicode.me
2018-02-05 14:52:05,345 DEBUG - mac : 08:00:27:54:8b:1b->52:54:00:12:35:02
2018-02-05 14:52:05,346 DEBUG - mac : 08:00:27:54:8b:1b->52:54:00:12:35:02
2018-02-05 14:52:05,365 DEBUG - mac : 52:54:00:12:35:02->08:00:27:54:8b:1b
2018-02-05 14:52:05,368 DEBUG - flags : 2
2018-02-05 14:52:05,378 INFO - new entry in database(DNS)
2018-02-05 14:52:05,379 DEBUG - mac : 52:54:00:12:35:02->08:00:27:54:8b:1b
2018-02-05 14:52:05,392 DEBUG - flags : 18
2018-02-05 14:52:05,393 DEBUG - flags : 16
2018-02-05 14:52:05,394 DEBUG - flags : 24
2018-02-05 14:52:05,395 DEBUG - flags : 16
2018-02-05 14:52:05,420 DEBUG - flags : 16
2018-02-05 14:52:05,422 DEBUG - flags : 16
2018-02-05 14:52:05,422 DEBUG - flags : 24
2018-02-05 14:52:05,423 DEBUG - flags : 16
2018-02-05 14:52:05,421 DEBUG - "GET /index.html HTTP/1.1" 200 3755
2018-02-05 14:52:05,425 DEBUG - flags : 17
2018-02-05 14:52:05,426 DEBUG - flags : 16
2018-02-05 14:52:05,448 DEBUG - flags : 17
2018-02-05 14:52:05,449 DEBUG - flags : 16
2018-02-05 14:52:07,045 DEBUG - mac : 08:00:27:54:8b:1b->52:54:00:12:35:02
2018-02-05 14:52:07,064 DEBUG - mac : 52:54:00:12:35:02->08:00:27:54:8b:1b
2018-02-05 14:52:07,065 DEBUG - mac : 08:00:27:54:8b:1b->52:54:00:12:35:02
2018-02-05 14:52:07,079 DEBUG - mac : 52:54:00:12:35:02->08:00:27:54:8b:1b
2018-02-05 14:52:07,080 DEBUG - mac : 08:00:27:54:8b:1b->52:54:00:12:35:02
2018-02-05 14:52:07,096 DEBUG - mac : 52:54:00:12:35:02->08:00:27:54:8b:1b
2018-02-05 14:52:07,097 DEBUG - mac : 08:00:27:54:8b:1b->52:54:00:12:35:02
2018-02-05 14:52:07,110 DEBUG - mac : 52:54:00:12:35:02->08:00:27:54:8b:1b
2018-02-05 14:52:58,759 INFO - run
2018-02-05 14:52:58,760 INFO - type = dns
2018-02-05 14:52:58,763 INFO - run
2018-02-05 14:52:58,763 INFO - type = http
2018-02-05 14:53:03,770 INFO - Starting new HTTP connection (1): nicode.me
2018-02-05 14:53:03,773 DEBUG - mac : 08:00:27:54:8b:1b->52:54:00:12:35:02
2018-02-05 14:53:03,774 DEBUG - mac : 08:00:27:54:8b:1b->52:54:00:12:35:02
2018-02-05 14:53:03,795 DEBUG - mac : 52:54:00:12:35:02->08:00:27:54:8b:1b
2018-02-05 14:53:03,801 DEBUG - flags : 2
2018-02-05 14:53:03,809 INFO - new entry in database(DNS)
2018-02-05 14:53:03,810 DEBUG - mac : 52:54:00:12:35:02->08:00:27:54:8b:1b
2018-02-05 14:53:03,822 DEBUG - flags : 18
2018-02-05 14:53:03,823 DEBUG - flags : 16
2018-02-05 14:53:03,826 INFO - 10.0.2.15 -> nicode.me
2018-02-05 14:53:03,832 INFO - new entry in database(HTTP)
2018-02-05 14:53:03,832 DEBUG - flags : 24
2018-02-05 14:53:03,833 INFO - 10.0.2.15 -> nicode.me
2018-02-05 14:53:03,837 INFO - new entry in database(HTTP)
2018-02-05 14:53:03,837 DEBUG - flags : 16
2018-02-05 14:53:03,852 DEBUG - "GET /index.html HTTP/1.1" 200 3755
2018-02-05 14:53:03,853 DEBUG - flags : 16
2018-02-05 14:53:03,856 DEBUG - flags : 16
2018-02-05 14:53:03,857 INFO - 10.0.2.15 -> nicode.me
2018-02-05 14:53:03,861 INFO - new entry in database(HTTP)
2018-02-05 14:53:03,862 DEBUG - flags : 24
2018-02-05 14:53:03,863 DEBUG - flags : 16
2018-02-05 14:53:03,864 INFO - 10.0.2.15 -> nicode.me
2018-02-05 14:53:03,868 INFO - new entry in database(HTTP)
2018-02-05 14:53:03,869 DEBUG - flags : 17
2018-02-05 14:53:03,869 INFO - 10.0.2.15 -> nicode.me
2018-02-05 14:53:03,873 INFO - new entry in database(HTTP)
2018-02-05 14:53:03,873 DEBUG - flags : 16
2018-02-05 14:53:03,879 DEBUG - flags : 17
2018-02-05 14:53:03,882 DEBUG - flags : 16
2018-02-05 14:53:03,883 INFO - 10.0.2.15 -> nicode.me
2018-02-05 14:53:03,886 INFO - new entry in database(HTTP)
2018-02-05 14:53:07,174 DEBUG - mac : 08:00:27:54:8b:1b->52:54:00:12:35:02
2018-02-05 14:53:07,190 DEBUG - mac : 52:54:00:12:35:02->08:00:27:54:8b:1b
2018-02-05 14:53:07,191 DEBUG - mac : 08:00:27:54:8b:1b->52:54:00:12:35:02
2018-02-05 14:53:07,205 DEBUG - mac : 52:54:00:12:35:02->08:00:27:54:8b:1b
2018-02-05 14:53:07,206 DEBUG - mac : 08:00:27:54:8b:1b->52:54:00:12:35:02
2018-02-05 14:53:07,222 DEBUG - mac : 52:54:00:12:35:02->08:00:27:54:8b:1b
2018-02-05 14:53:07,223 DEBUG - mac : 08:00:27:54:8b:1b->52:54:00:12:35:02
2018-02-05 14:53:07,238 DEBUG - mac : 52:54:00:12:35:02->08:00:27:54:8b:1b
2018-02-05 14:53:21,838 INFO - run
2018-02-05 14:53:21,838 INFO - type = dns
2018-02-05 14:53:21,841 INFO - run
2018-02-05 14:53:21,841 INFO - type = http
2018-02-05 14:53:26,853 INFO - Starting new HTTP connection (1): nicode.me
2018-02-05 14:53:26,857 DEBUG - mac : 08:00:27:54:8b:1b->52:54:00:12:35:02
2018-02-05 14:53:26,858 DEBUG - mac : 08:00:27:54:8b:1b->52:54:00:12:35:02
2018-02-05 14:53:26,877 DEBUG - mac : 52:54:00:12:35:02->08:00:27:54:8b:1b
2018-02-05 14:53:26,883 DEBUG - flags : 2
2018-02-05 14:53:26,885 WARNING - No corresponding domain
2018-02-05 14:53:26,893 INFO - new entry in database(DNS)
2018-02-05 14:53:26,895 DEBUG - mac : 52:54:00:12:35:02->08:00:27:54:8b:1b
2018-02-05 14:53:26,906 DEBUG - flags : 18
2018-02-05 14:53:26,907 DEBUG - flags : 16
2018-02-05 14:53:26,908 DEBUG - flags : 24
2018-02-05 14:53:26,909 DEBUG - flags : 16
2018-02-05 14:53:26,934 DEBUG - "GET /index.html HTTP/1.1" 200 3755
2018-02-05 14:53:26,934 DEBUG - flags : 16
2018-02-05 14:53:26,935 DEBUG - flags : 16
2018-02-05 14:53:26,936 DEBUG - flags : 24
2018-02-05 14:53:26,937 DEBUG - flags : 16
2018-02-05 14:53:26,938 DEBUG - flags : 17
2018-02-05 14:53:26,939 DEBUG - flags : 16
2018-02-05 14:53:26,959 DEBUG - flags : 17
2018-02-05 14:53:26,960 DEBUG - flags : 16
2018-02-05 14:54:26,395 INFO - run
2018-02-05 14:54:26,395 INFO - type = dns
2018-02-05 14:54:26,397 INFO - run
2018-02-05 14:54:26,397 INFO - type = http
2018-02-05 14:54:31,405 INFO - Starting new HTTP connection (1): nicode.me
2018-02-05 14:54:31,408 DEBUG - mac : 08:00:27:54:8b:1b->52:54:00:12:35:02
2018-02-05 14:54:31,409 DEBUG - mac : 08:00:27:54:8b:1b->52:54:00:12:35:02
2018-02-05 14:54:31,431 DEBUG - mac : 52:54:00:12:35:02->08:00:27:54:8b:1b
2018-02-05 14:54:31,431 DEBUG - flags : 2
2018-02-05 14:54:31,432 DEBUG - mac : 52:54:00:12:35:02->08:00:27:54:8b:1b
2018-02-05 14:54:31,436 WARNING - No corresponding domain
2018-02-05 14:54:31,446 INFO - new entry in database(DNS)
2018-02-05 14:54:31,453 DEBUG - flags : 18
2018-02-05 14:54:31,457 DEBUG - flags : 16
2018-02-05 14:54:31,457 DEBUG - flags : 24
2018-02-05 14:54:31,458 DEBUG - flags : 16
2018-02-05 14:54:31,480 DEBUG - "GET /index.html HTTP/1.1" 200 3755
2018-02-05 14:54:31,480 DEBUG - flags : 16
2018-02-05 14:54:31,481 DEBUG - flags : 16
2018-02-05 14:54:31,482 DEBUG - flags : 24
2018-02-05 14:54:31,483 DEBUG - flags : 16
2018-02-05 14:54:31,483 DEBUG - flags : 17
2018-02-05 14:54:31,484 DEBUG - flags : 16
2018-02-05 14:54:31,506 DEBUG - flags : 17
2018-02-05 14:54:31,507 DEBUG - flags : 16
2018-02-05 14:54:37,376 DEBUG - mac : 08:00:27:54:8b:1b->52:54:00:12:35:02
2018-02-05 14:54:37,392 DEBUG - mac : 52:54:00:12:35:02->08:00:27:54:8b:1b
2018-02-05 14:54:37,393 DEBUG - mac : 08:00:27:54:8b:1b->52:54:00:12:35:02
2018-02-05 14:54:37,411 DEBUG - mac : 52:54:00:12:35:02->08:00:27:54:8b:1b
2018-02-05 14:54:37,412 DEBUG - mac : 08:00:27:54:8b:1b->52:54:00:12:35:02
2018-02-05 14:54:37,429 DEBUG - mac : 52:54:00:12:35:02->08:00:27:54:8b:1b
2018-02-05 14:54:37,430 DEBUG - mac : 08:00:27:54:8b:1b->52:54:00:12:35:02
2018-02-05 14:54:37,444 DEBUG - mac : 52:54:00:12:35:02->08:00:27:54:8b:1b
2018-02-05 14:55:11,241 INFO - run
2018-02-05 14:55:11,242 INFO - type = dns
2018-02-05 14:55:11,246 INFO - run
2018-02-05 14:55:11,246 INFO - type = http
2018-02-05 14:55:16,247 INFO - Starting new HTTP connection (1): nicode.me
2018-02-05 14:55:16,250 DEBUG - mac : 08:00:27:54:8b:1b->52:54:00:12:35:02
2018-02-05 14:55:16,251 DEBUG - mac : 08:00:27:54:8b:1b->52:54:00:12:35:02
2018-02-05 14:55:16,273 DEBUG - mac : 52:54:00:12:35:02->08:00:27:54:8b:1b
2018-02-05 14:55:16,284 DEBUG - flags : 2
2018-02-05 14:55:16,287 DEBUG - YEEEEEEEEEAH
2018-02-05 14:55:16,288 INFO - new entry in database(DNS)
2018-02-05 14:55:16,290 DEBUG - mac : 52:54:00:12:35:02->08:00:27:54:8b:1b
2018-02-05 14:55:16,291 INFO - 10.0.2.15 -> nicode.me
2018-02-05 14:55:16,297 INFO - new entry in database(HTTP)
2018-02-05 14:55:16,306 DEBUG - flags : 18
2018-02-05 14:55:16,307 DEBUG - YEEEEEEEEEAH
2018-02-05 14:55:16,310 DEBUG - flags : 16
2018-02-05 14:55:16,311 INFO - 10.0.2.15 -> nicode.me
2018-02-05 14:55:16,315 INFO - new entry in database(HTTP)
2018-02-05 14:55:16,316 DEBUG - flags : 24
2018-02-05 14:55:16,316 INFO - 10.0.2.15 -> nicode.me
2018-02-05 14:55:16,320 INFO - new entry in database(HTTP)
2018-02-05 14:55:16,321 DEBUG - flags : 16
2018-02-05 14:55:16,329 DEBUG - "GET /index.html HTTP/1.1" 200 3755
2018-02-05 14:55:16,329 DEBUG - flags : 16
2018-02-05 14:55:16,332 DEBUG - flags : 16
2018-02-05 14:55:16,333 INFO - 10.0.2.15 -> nicode.me
2018-02-05 14:55:16,337 INFO - new entry in database(HTTP)
2018-02-05 14:55:16,338 DEBUG - flags : 24
2018-02-05 14:55:16,339 DEBUG - flags : 16
2018-02-05 14:55:16,340 INFO - 10.0.2.15 -> nicode.me
2018-02-05 14:55:16,343 INFO - new entry in database(HTTP)
2018-02-05 14:55:16,343 DEBUG - flags : 17
2018-02-05 14:55:16,344 INFO - 10.0.2.15 -> nicode.me
2018-02-05 14:55:16,347 INFO - new entry in database(HTTP)
2018-02-05 14:55:16,348 DEBUG - flags : 16
2018-02-05 14:55:16,356 DEBUG - flags : 17
2018-02-05 14:55:16,359 DEBUG - flags : 16
2018-02-05 14:55:16,360 INFO - 10.0.2.15 -> nicode.me
2018-02-05 14:55:16,364 INFO - new entry in database(HTTP)
2018-02-05 14:55:55,449 INFO - run
2018-02-05 14:55:55,449 INFO - type = dns
2018-02-05 14:55:55,453 INFO - run
2018-02-05 14:55:55,453 INFO - type = http
2018-02-05 14:56:00,462 INFO - Starting new HTTP connection (1): nicode.me
2018-02-05 14:56:00,465 DEBUG - mac : 08:00:27:54:8b:1b->52:54:00:12:35:02
2018-02-05 14:56:00,466 DEBUG - mac : 08:00:27:54:8b:1b->52:54:00:12:35:02
2018-02-05 14:56:00,490 DEBUG - mac : 52:54:00:12:35:02->08:00:27:54:8b:1b
2018-02-05 14:56:00,498 DEBUG - mac : 52:54:00:12:35:02->08:00:27:54:8b:1b
2018-02-05 14:56:00,499 DEBUG - flags : 2
2018-02-05 14:56:00,504 WARNING - No corresponding domain
2018-02-05 14:56:00,515 INFO - new entry in database(DNS)
2018-02-05 14:56:00,523 DEBUG - flags : 18
2018-02-05 14:56:00,527 DEBUG - flags : 16
2018-02-05 14:56:00,528 DEBUG - DROPED
2018-02-05 14:56:00,529 INFO - 10.0.2.15 -> nicode.me
2018-02-05 14:56:00,536 INFO - new entry in database(HTTP)
2018-02-05 14:56:00,536 DEBUG - flags : 24
2018-02-05 14:56:00,537 DEBUG - DROPED
2018-02-05 14:56:00,538 INFO - 10.0.2.15 -> nicode.me
2018-02-05 14:56:00,541 INFO - new entry in database(HTTP)
2018-02-05 14:56:00,542 DEBUG - flags : 16
2018-02-05 14:56:00,542 DEBUG - DROPED
2018-02-05 14:56:00,545 DEBUG - "GET /index.html HTTP/1.1" 200 3755
2018-02-05 14:56:00,545 DEBUG - flags : 16
2018-02-05 14:56:00,546 DEBUG - DROPED
2018-02-05 14:56:00,547 DEBUG - flags : 16
2018-02-05 14:56:00,547 DEBUG - DROPED
2018-02-05 14:56:00,548 INFO - 10.0.2.15 -> nicode.me
2018-02-05 14:56:00,552 INFO - new entry in database(HTTP)
2018-02-05 14:56:00,552 DEBUG - flags : 24
2018-02-05 14:56:00,552 DEBUG - DROPED
2018-02-05 14:56:00,553 DEBUG - flags : 16
2018-02-05 14:56:00,554 DEBUG - DROPED
2018-02-05 14:56:00,554 INFO - 10.0.2.15 -> nicode.me
2018-02-05 14:56:00,558 INFO - new entry in database(HTTP)
2018-02-05 14:56:00,558 DEBUG - flags : 17
2018-02-05 14:56:00,559 DEBUG - DROPED
2018-02-05 14:56:00,559 INFO - 10.0.2.15 -> nicode.me
2018-02-05 14:56:00,563 INFO - new entry in database(HTTP)
2018-02-05 14:56:00,563 DEBUG - flags : 16
2018-02-05 14:56:00,563 DEBUG - DROPED
2018-02-05 14:56:00,571 DEBUG - flags : 17
2018-02-05 14:56:00,571 DEBUG - DROPED
2018-02-05 14:56:00,575 DEBUG - flags : 16
2018-02-05 14:56:00,575 DEBUG - DROPED
2018-02-05 14:56:00,576 INFO - 10.0.2.15 -> nicode.me
2018-02-05 14:56:00,579 INFO - new entry in database(HTTP)
2018-02-05 14:56:07,585 DEBUG - mac : 08:00:27:54:8b:1b->52:54:00:12:35:02
2018-02-05 14:56:07,601 DEBUG - mac : 52:54:00:12:35:02->08:00:27:54:8b:1b
2018-02-05 14:56:07,602 DEBUG - mac : 08:00:27:54:8b:1b->52:54:00:12:35:02
2018-02-05 14:56:07,617 DEBUG - mac : 52:54:00:12:35:02->08:00:27:54:8b:1b
2018-02-05 14:56:07,618 DEBUG - mac : 08:00:27:54:8b:1b->52:54:00:12:35:02
2018-02-05 14:56:07,634 DEBUG - mac : 52:54:00:12:35:02->08:00:27:54:8b:1b
2018-02-05 14:56:07,635 DEBUG - mac : 08:00:27:54:8b:1b->52:54:00:12:35:02
2018-02-05 14:56:07,648 DEBUG - mac : 52:54:00:12:35:02->08:00:27:54:8b:1b
2018-02-05 14:56:17,121 INFO - run
2018-02-05 14:56:17,121 INFO - type = dns
2018-02-05 14:56:17,123 INFO - run
2018-02-05 14:56:17,124 INFO - type = http
2018-02-05 14:56:22,133 INFO - Starting new HTTP connection (1): nicode.me
2018-02-05 14:56:22,136 DEBUG - mac : 08:00:27:54:8b:1b->52:54:00:12:35:02
2018-02-05 14:56:22,137 DEBUG - mac : 08:00:27:54:8b:1b->52:54:00:12:35:02
2018-02-05 14:56:22,156 DEBUG - mac : 52:54:00:12:35:02->08:00:27:54:8b:1b
2018-02-05 14:56:22,167 DEBUG - flags : 2
2018-02-05 14:56:22,170 INFO - new entry in database(DNS)
2018-02-05 14:56:22,171 DEBUG - mac : 52:54:00:12:35:02->08:00:27:54:8b:1b
2018-02-05 14:56:22,174 INFO - 10.0.2.15 -> nicode.me
2018-02-05 14:56:22,179 INFO - new entry in database(HTTP)
2018-02-05 14:56:22,192 DEBUG - flags : 18
2018-02-05 14:56:22,196 DEBUG - flags : 16
2018-02-05 14:56:22,196 DEBUG - DROPED
2018-02-05 14:56:22,197 DEBUG - flags : 24
2018-02-05 14:56:22,197 DEBUG - DROPED
2018-02-05 14:56:22,198 DEBUG - flags : 16
2018-02-05 14:56:22,198 DEBUG - DROPED
2018-02-05 14:56:22,215 DEBUG - "GET /index.html HTTP/1.1" 200 3755
2018-02-05 14:56:22,216 DEBUG - flags : 16
2018-02-05 14:56:22,216 DEBUG - DROPED
2018-02-05 14:56:22,217 DEBUG - flags : 16
2018-02-05 14:56:22,217 DEBUG - DROPED
2018-02-05 14:56:22,218 DEBUG - flags : 24
2018-02-05 14:56:22,218 DEBUG - DROPED
2018-02-05 14:56:22,219 DEBUG - flags : 16
2018-02-05 14:56:22,219 DEBUG - DROPED
2018-02-05 14:56:22,220 DEBUG - flags : 17
2018-02-05 14:56:22,220 DEBUG - DROPED
2018-02-05 14:56:22,221 DEBUG - flags : 16
2018-02-05 14:56:22,221 DEBUG - DROPED
2018-02-05 14:56:22,241 DEBUG - flags : 17
2018-02-05 14:56:22,242 DEBUG - DROPED
2018-02-05 14:56:22,242 DEBUG - flags : 16
2018-02-05 14:56:22,242 DEBUG - DROPED
2018-02-05 14:56:46,039 INFO - run
2018-02-05 14:56:46,040 INFO - type = dns
2018-02-05 14:56:46,046 INFO - run
2018-02-05 14:56:46,046 INFO - type = http
2018-02-05 14:56:51,048 INFO - Starting new HTTP connection (1): nicode.me
2018-02-05 14:56:51,051 DEBUG - mac : 08:00:27:54:8b:1b->52:54:00:12:35:02
2018-02-05 14:56:51,052 DEBUG - mac : 08:00:27:54:8b:1b->52:54:00:12:35:02
2018-02-05 14:56:51,076 DEBUG - mac : 52:54:00:12:35:02->08:00:27:54:8b:1b
2018-02-05 14:56:51,080 DEBUG - flags : 2
2018-02-05 14:56:51,083 WARNING - No corresponding domain
2018-02-05 14:56:51,087 INFO - new entry in database(DNS)
2018-02-05 14:56:51,088 DEBUG - mac : 52:54:00:12:35:02->08:00:27:54:8b:1b
2018-02-05 14:56:51,103 DEBUG - flags : 18
2018-02-05 14:56:51,107 DEBUG - flags : 16
2018-02-05 14:56:51,108 DEBUG - flags : 24
2018-02-05 14:56:51,109 DEBUG - flags : 16
2018-02-05 14:56:51,136 DEBUG - "GET /index.html HTTP/1.1" 200 3755
2018-02-05 14:56:51,137 DEBUG - flags : 16
2018-02-05 14:56:51,137 DEBUG - flags : 16
2018-02-05 14:56:51,138 DEBUG - flags : 24
2018-02-05 14:56:51,139 DEBUG - flags : 16
2018-02-05 14:56:51,142 DEBUG - flags : 24
2018-02-05 14:56:51,143 DEBUG - flags : 16
2018-02-05 14:56:51,143 DEBUG - flags : 17
2018-02-05 14:56:51,144 DEBUG - flags : 16
2018-02-05 14:56:51,170 DEBUG - flags : 17
2018-02-05 14:56:51,171 DEBUG - flags : 16
2018-02-05 14:57:03,199 INFO - run
2018-02-05 14:57:03,200 INFO - type = dns
2018-02-05 14:57:03,202 INFO - run
2018-02-05 14:57:03,202 INFO - type = http
2018-02-05 14:57:07,722 DEBUG - mac : 08:00:27:54:8b:1b->52:54:00:12:35:02
2018-02-05 14:57:07,740 DEBUG - mac : 52:54:00:12:35:02->08:00:27:54:8b:1b
2018-02-05 14:57:07,741 DEBUG - mac : 08:00:27:54:8b:1b->52:54:00:12:35:02
2018-02-05 14:57:07,751 DEBUG - mac : 52:54:00:12:35:02->08:00:27:54:8b:1b
2018-02-05 14:57:07,752 DEBUG - mac : 08:00:27:54:8b:1b->52:54:00:12:35:02
2018-02-05 14:57:07,769 DEBUG - mac : 52:54:00:12:35:02->08:00:27:54:8b:1b
2018-02-05 14:57:07,770 DEBUG - mac : 08:00:27:54:8b:1b->52:54:00:12:35:02
2018-02-05 14:57:07,786 DEBUG - mac : 52:54:00:12:35:02->08:00:27:54:8b:1b
2018-02-05 14:57:08,206 INFO - Starting new HTTP connection (1): nicode.me
2018-02-05 14:57:08,208 DEBUG - mac : 08:00:27:54:8b:1b->52:54:00:12:35:02
2018-02-05 14:57:08,209 DEBUG - mac : 08:00:27:54:8b:1b->52:54:00:12:35:02
2018-02-05 14:57:08,228 DEBUG - flags : 2
2018-02-05 14:57:08,229 DEBUG - mac : 52:54:00:12:35:02->08:00:27:54:8b:1b
2018-02-05 14:57:08,230 DEBUG - mac : 52:54:00:12:35:02->08:00:27:54:8b:1b
2018-02-05 14:57:08,232 WARNING - No corresponding domain
2018-02-05 14:57:08,244 INFO - new entry in database(DNS)
2018-02-05 14:57:08,252 DEBUG - flags : 18
2018-02-05 14:57:08,255 DEBUG - flags : 16
2018-02-05 14:57:08,256 DEBUG - flags : 24
2018-02-05 14:57:08,256 DEBUG - flags : 16
2018-02-05 14:57:08,280 DEBUG - "GET /index.html HTTP/1.1" 200 3755
2018-02-05 14:57:08,280 DEBUG - flags : 16
2018-02-05 14:57:08,281 DEBUG - flags : 16
2018-02-05 14:57:08,282 DEBUG - flags : 24
2018-02-05 14:57:08,283 DEBUG - flags : 16
2018-02-05 14:57:08,283 DEBUG - flags : 17
2018-02-05 14:57:08,284 DEBUG - flags : 16
2018-02-05 14:57:08,306 DEBUG - flags : 17
2018-02-05 14:57:08,307 DEBUG - flags : 16
2018-02-05 14:57:23,742 INFO - run
2018-02-05 14:57:23,743 INFO - type = dns
2018-02-05 14:57:23,747 INFO - run
2018-02-05 14:57:23,747 INFO - type = http
2018-02-05 14:57:28,752 INFO - Starting new HTTP connection (1): nicode.me
2018-02-05 14:57:28,755 DEBUG - mac : 08:00:27:54:8b:1b->52:54:00:12:35:02
2018-02-05 14:57:28,756 DEBUG - mac : 08:00:27:54:8b:1b->52:54:00:12:35:02
2018-02-05 14:57:28,775 DEBUG - mac : 52:54:00:12:35:02->08:00:27:54:8b:1b
2018-02-05 14:57:28,781 DEBUG - flags : 2
2018-02-05 14:57:28,788 INFO - new entry in database(DNS)
2018-02-05 14:57:28,789 DEBUG - mac : 52:54:00:12:35:02->08:00:27:54:8b:1b
2018-02-05 14:57:28,792 INFO - 10.0.2.15 -> nicode.me
2018-02-05 14:57:28,797 INFO - new entry in database(HTTP)
2018-02-05 14:57:28,810 DEBUG - flags : 18
2018-02-05 14:57:28,814 DEBUG - flags : 16
2018-02-05 14:57:28,814 DEBUG - DROPED
2018-02-05 14:57:28,815 DEBUG - flags : 24
2018-02-05 14:57:28,815 DEBUG - DROPED
2018-02-05 14:57:28,816 DEBUG - flags : 16
2018-02-05 14:57:28,816 DEBUG - DROPED
2018-02-05 14:57:28,832 DEBUG - "GET /index.html HTTP/1.1" 200 3755
2018-02-05 14:57:28,834 DEBUG - flags : 16
2018-02-05 14:57:28,835 DEBUG - DROPED
2018-02-05 14:57:28,836 DEBUG - flags : 16
2018-02-05 14:57:28,836 DEBUG - DROPED
2018-02-05 14:57:28,837 DEBUG - flags : 24
2018-02-05 14:57:28,837 DEBUG - DROPED
2018-02-05 14:57:28,838 DEBUG - flags : 16
2018-02-05 14:57:28,838 DEBUG - DROPED
2018-02-05 14:57:28,839 DEBUG - flags : 17
2018-02-05 14:57:28,839 DEBUG - DROPED
2018-02-05 14:57:28,840 DEBUG - flags : 16
2018-02-05 14:57:28,840 DEBUG - DROPED
2018-02-05 14:57:28,860 DEBUG - flags : 17
2018-02-05 14:57:28,861 DEBUG - DROPED
2018-02-05 14:57:28,862 DEBUG - flags : 16
2018-02-05 14:57:28,862 DEBUG - DROPED
2018-02-05 14:57:37,787 DEBUG - mac : 08:00:27:54:8b:1b->52:54:00:12:35:02
2018-02-05 14:57:37,802 DEBUG - mac : 52:54:00:12:35:02->08:00:27:54:8b:1b
2018-02-05 14:57:37,803 DEBUG - mac : 08:00:27:54:8b:1b->52:54:00:12:35:02
2018-02-05 14:57:37,820 DEBUG - mac : 52:54:00:12:35:02->08:00:27:54:8b:1b
2018-02-05 14:57:37,821 DEBUG - mac : 08:00:27:54:8b:1b->52:54:00:12:35:02
2018-02-05 14:57:37,837 DEBUG - mac : 52:54:00:12:35:02->08:00:27:54:8b:1b
2018-02-05 14:57:37,838 DEBUG - mac : 08:00:27:54:8b:1b->52:54:00:12:35:02
2018-02-05 14:57:37,852 DEBUG - mac : 52:54:00:12:35:02->08:00:27:54:8b:1b
2018-02-05 14:59:14,444 INFO - run
2018-02-05 14:59:14,444 INFO - type = dns
2018-02-05 14:59:14,448 INFO - run
2018-02-05 14:59:14,448 INFO - type = http
2018-02-05 14:59:19,455 INFO - Starting new HTTP connection (1): nicode.me
2018-02-05 14:59:19,458 DEBUG - mac : 08:00:27:54:8b:1b->52:54:00:12:35:02
2018-02-05 14:59:19,459 DEBUG - mac : 08:00:27:54:8b:1b->52:54:00:12:35:02
2018-02-05 14:59:19,478 DEBUG - flags : 2
2018-02-05 14:59:19,479 DEBUG - mac : 52:54:00:12:35:02->08:00:27:54:8b:1b
2018-02-05 14:59:19,483 WARNING - No corresponding domain
2018-02-05 14:59:19,493 INFO - new entry in database(DNS)
2018-02-05 14:59:19,494 DEBUG - mac : 52:54:00:12:35:02->08:00:27:54:8b:1b
2018-02-05 14:59:19,501 DEBUG - flags : 18
2018-02-05 14:59:19,505 DEBUG - flags : 16
2018-02-05 14:59:19,505 INFO - NOT sync flag on packet : DROPED
2018-02-05 14:59:19,506 DEBUG - flags : 24
2018-02-05 14:59:19,506 INFO - NOT sync flag on packet : DROPED
2018-02-05 14:59:19,507 DEBUG - flags : 16
2018-02-05 14:59:19,507 INFO - NOT sync flag on packet : DROPED
2018-02-05 14:59:19,528 DEBUG - "GET /index.html HTTP/1.1" 200 3755
2018-02-05 14:59:19,528 DEBUG - flags : 16
2018-02-05 14:59:19,529 INFO - NOT sync flag on packet : DROPED
2018-02-05 14:59:19,530 DEBUG - flags : 16
2018-02-05 14:59:19,530 INFO - NOT sync flag on packet : DROPED
2018-02-05 14:59:19,531 DEBUG - flags : 24
2018-02-05 14:59:19,532 INFO - NOT sync flag on packet : DROPED
2018-02-05 14:59:19,533 DEBUG - flags : 16
2018-02-05 14:59:19,533 INFO - NOT sync flag on packet : DROPED
2018-02-05 14:59:19,534 DEBUG - flags : 17
2018-02-05 14:59:19,534 INFO - NOT sync flag on packet : DROPED
2018-02-05 14:59:19,535 DEBUG - flags : 16
2018-02-05 14:59:19,535 INFO - NOT sync flag on packet : DROPED
2018-02-05 14:59:19,555 DEBUG - flags : 17
2018-02-05 14:59:19,555 INFO - NOT sync flag on packet : DROPED
2018-02-05 14:59:19,556 DEBUG - flags : 16
2018-02-05 14:59:19,556 INFO - NOT sync flag on packet : DROPED
2018-02-05 14:59:38,497 INFO - run
2018-02-05 14:59:38,497 INFO - type = dns
2018-02-05 14:59:38,500 INFO - run
2018-02-05 14:59:38,500 INFO - type = http
2018-02-05 14:59:43,509 INFO - Starting new HTTP connection (1): nicode.me
2018-02-05 14:59:43,512 DEBUG - mac : 08:00:27:54:8b:1b->52:54:00:12:35:02
2018-02-05 14:59:43,513 DEBUG - mac : 08:00:27:54:8b:1b->52:54:00:12:35:02
2018-02-05 14:59:43,529 DEBUG - mac : 52:54:00:12:35:02->08:00:27:54:8b:1b
2018-02-05 14:59:43,543 DEBUG - flags : 2
2018-02-05 14:59:43,544 INFO - new entry in database(DNS)
2018-02-05 14:59:43,546 DEBUG - mac : 52:54:00:12:35:02->08:00:27:54:8b:1b
2018-02-05 14:59:43,548 INFO - 10.0.2.15 -> nicode.me
2018-02-05 14:59:43,554 INFO - new entry in database(HTTP)
2018-02-05 14:59:43,565 DEBUG - flags : 18
2018-02-05 14:59:43,568 DEBUG - flags : 16
2018-02-05 14:59:43,569 INFO - NOT sync flag on packet : DROPED
2018-02-05 14:59:43,569 DEBUG - flags : 24
2018-02-05 14:59:43,570 INFO - NOT sync flag on packet : DROPED
2018-02-05 14:59:43,570 DEBUG - flags : 16
2018-02-05 14:59:43,571 INFO - NOT sync flag on packet : DROPED
2018-02-05 14:59:43,593 DEBUG - "GET /index.html HTTP/1.1" 200 3755
2018-02-05 14:59:43,593 DEBUG - flags : 16
2018-02-05 14:59:43,593 INFO - NOT sync flag on packet : DROPED
2018-02-05 14:59:43,594 DEBUG - flags : 16
2018-02-05 14:59:43,595 INFO - NOT sync flag on packet : DROPED
2018-02-05 14:59:43,595 DEBUG - flags : 24
2018-02-05 14:59:43,596 INFO - NOT sync flag on packet : DROPED
2018-02-05 14:59:43,597 DEBUG - flags : 16
2018-02-05 14:59:43,597 INFO - NOT sync flag on packet : DROPED
2018-02-05 14:59:43,598 DEBUG - flags : 17
2018-02-05 14:59:43,598 INFO - NOT sync flag on packet : DROPED
2018-02-05 14:59:43,599 DEBUG - flags : 16
2018-02-05 14:59:43,599 INFO - NOT sync flag on packet : DROPED
2018-02-05 14:59:43,620 DEBUG - flags : 17
2018-02-05 14:59:43,620 INFO - NOT sync flag on packet : DROPED
2018-02-05 14:59:43,621 DEBUG - flags : 16
2018-02-05 14:59:43,621 INFO - NOT sync flag on packet : DROPED
2018-02-05 14:59:46,271 DEBUG - mac : 08:00:27:54:8b:1b->52:54:00:12:35:02
2018-02-05 14:59:46,272 DEBUG - mac : 08:00:27:54:8b:1b->52:54:00:12:35:02
2018-02-05 14:59:46,288 DEBUG - mac : 52:54:00:12:35:02->08:00:27:54:8b:1b
2018-02-05 14:59:46,293 DEBUG - mac : 52:54:00:12:35:02->08:00:27:54:8b:1b
2018-02-05 14:59:46,294 DEBUG - mac : 08:00:27:54:8b:1b->52:54:00:12:35:02
2018-02-05 14:59:46,295 DEBUG - mac : 08:00:27:54:8b:1b->52:54:00:12:35:02
2018-02-05 14:59:46,307 DEBUG - mac : 52:54:00:12:35:02->08:00:27:54:8b:1b
2018-02-05 14:59:46,313 DEBUG - mac : 52:54:00:12:35:02->08:00:27:54:8b:1b
2018-02-05 15:12:46,323 INFO - run
2018-02-05 15:12:46,323 INFO - type = dns
2018-02-05 15:12:46,327 INFO - run
2018-02-05 15:12:46,327 INFO - type = http
2018-02-05 15:12:51,336 INFO - Starting new HTTP connection (1): nicode.me
2018-02-05 15:12:51,376 DEBUG - flags : 2
2018-02-05 15:12:51,378 DEBUG - mac : 08:00:27:54:8b:1b->52:54:00:12:35:02
2018-02-05 15:12:51,378 INFO - new entry in database(DNS)
2018-02-05 15:12:51,381 INFO - 10.0.2.15 -> nicode.me
2018-02-05 15:12:51,385 INFO - new entry in database(HTTP)
2018-02-05 15:12:51,397 DEBUG - flags : 18
2018-02-05 15:12:51,397 DEBUG - mac : 52:54:00:12:35:02->08:00:27:54:8b:1b
2018-02-05 15:12:51,399 DEBUG - flags : 16
2018-02-05 15:12:51,400 INFO - NOT sync flag on packet : DROPED
2018-02-05 15:12:51,400 DEBUG - flags : 24
2018-02-05 15:12:51,400 INFO - NOT sync flag on packet : DROPED
2018-02-05 15:12:51,401 DEBUG - flags : 16
2018-02-05 15:12:51,401 INFO - NOT sync flag on packet : DROPED
2018-02-05 15:12:51,420 DEBUG - "GET /index.html HTTP/1.1" 200 3755
2018-02-05 15:12:51,420 DEBUG - flags : 16
2018-02-05 15:12:51,421 INFO - NOT sync flag on packet : DROPED
2018-02-05 15:12:51,422 DEBUG - flags : 16
2018-02-05 15:12:51,422 INFO - NOT sync flag on packet : DROPED
2018-02-05 15:12:51,423 DEBUG - flags : 24
2018-02-05 15:12:51,423 INFO - NOT sync flag on packet : DROPED
2018-02-05 15:12:51,424 DEBUG - flags : 16
2018-02-05 15:12:51,424 INFO - NOT sync flag on packet : DROPED
2018-02-05 15:12:51,425 DEBUG - flags : 17
2018-02-05 15:12:51,425 INFO - NOT sync flag on packet : DROPED
2018-02-05 15:12:51,426 DEBUG - flags : 16
2018-02-05 15:12:51,426 INFO - NOT sync flag on packet : DROPED
2018-02-05 15:12:51,447 DEBUG - flags : 17
2018-02-05 15:12:51,448 INFO - NOT sync flag on packet : DROPED
2018-02-05 15:12:51,448 DEBUG - flags : 16
2018-02-05 15:12:51,449 INFO - NOT sync flag on packet : DROPED
2018-02-05 15:14:59,901 INFO - run
2018-02-05 15:14:59,902 INFO - type = dns
2018-02-05 15:14:59,907 INFO - run
2018-02-05 15:14:59,907 INFO - type = http
2018-02-05 15:15:04,915 INFO - Starting new HTTP connection (1): nicode.me
2018-02-05 15:15:04,949 DEBUG - flags : 2
2018-02-05 15:15:04,950 DEBUG - mac : 08:00:27:54:8b:1b->52:54:00:12:35:02
2018-02-05 15:15:04,957 INFO - new entry in database(DNS)
2018-02-05 15:15:04,964 WARNING - No corresponding domain
2018-02-05 15:15:04,972 DEBUG - flags : 18
2018-02-05 15:15:04,973 DEBUG - mac : 52:54:00:12:35:02->08:00:27:54:8b:1b
2018-02-05 15:15:04,976 DEBUG - flags : 16
2018-02-05 15:15:05,000 DEBUG - "GET /index.html HTTP/1.1" 200 3755
2018-02-05 15:15:20,738 INFO - run
2018-02-05 15:15:20,739 INFO - type = dns
2018-02-05 15:15:20,743 INFO - run
2018-02-05 15:15:20,744 INFO - type = http
2018-02-05 15:15:25,749 INFO - Starting new HTTP connection (1): nicode.me
2018-02-05 15:15:25,776 DEBUG - flags : 2
2018-02-05 15:15:25,777 DEBUG - mac : 08:00:27:54:8b:1b->52:54:00:12:35:02
2018-02-05 15:15:25,786 INFO - new entry in database(DNS)
2018-02-05 15:15:25,789 INFO - 10.0.2.15 -> nicode.me
2018-02-05 15:15:25,795 INFO - new entry in database(HTTP)
2018-02-05 15:15:25,796 DEBUG - flags : 18
2018-02-05 15:15:25,797 DEBUG - mac : 52:54:00:12:35:02->08:00:27:54:8b:1b
2018-02-05 15:15:25,798 DEBUG - flags : 16
2018-02-05 15:15:25,826 DEBUG - "GET /index.html HTTP/1.1" 200 3755
2018-02-05 15:15:27,804 DEBUG - flags : 24
2018-02-05 15:15:29,808 DEBUG - flags : 16
2018-02-05 15:15:31,815 DEBUG - flags : 16
2018-02-05 15:15:33,821 DEBUG - flags : 16
2018-02-05 15:15:35,827 DEBUG - flags : 24
2018-02-05 15:16:01,462 INFO - run
2018-02-05 15:16:01,462 INFO - type = dns
2018-02-05 15:16:01,465 INFO - run
2018-02-05 15:16:01,466 INFO - type = http
2018-02-05 15:16:06,471 INFO - Starting new HTTP connection (1): nicode.me
2018-02-05 15:16:06,511 INFO - new entry in database(DNS)
2018-02-05 15:16:06,549 DEBUG - "GET /index.html HTTP/1.1" 200 3755
2018-02-05 15:16:08,507 DEBUG - mac : 08:00:27:54:8b:1b->52:54:00:12:35:02
2018-02-05 15:16:08,509 INFO - 10.0.2.15 -> nicode.me
2018-02-05 15:16:08,521 INFO - new entry in database(HTTP)
2018-02-05 15:16:10,524 DEBUG - mac : 52:54:00:12:35:02->08:00:27:54:8b:1b
2018-02-05 15:17:00,624 INFO - run
2018-02-05 15:17:00,625 INFO - type = dns
2018-02-05 15:17:00,632 INFO - run
2018-02-05 15:17:00,632 INFO - type = http
2018-02-05 15:17:05,635 INFO - Starting new HTTP connection (1): nicode.me
2018-02-05 15:17:05,667 INFO - new entry in database(DNS)
2018-02-05 15:17:05,703 DEBUG - "GET /index.html HTTP/1.1" 200 3755
2018-02-05 15:17:07,661 DEBUG - mac : 10.0.2.1508:00:27:54:8b:1b->188.213.143.11152:54:00:12:35:02
2018-02-05 15:17:07,668 INFO - 10.0.2.15 -> nicode.me
2018-02-05 15:17:07,674 INFO - new entry in database(HTTP)
2018-02-05 15:17:09,678 DEBUG - mac : 188.213.143.11152:54:00:12:35:02->10.0.2.1508:00:27:54:8b:1b
2018-02-05 15:17:33,184 INFO - run
2018-02-05 15:17:33,185 INFO - type = dns
2018-02-05 15:17:33,188 INFO - run
2018-02-05 15:17:33,188 INFO - type = http
2018-02-05 15:17:38,196 INFO - Starting new HTTP connection (1): nicode.me
2018-02-05 15:17:38,233 INFO - new entry in database(DNS)
2018-02-05 15:17:38,270 DEBUG - "GET /index.html HTTP/1.1" 200 3755
2018-02-05 15:17:40,227 DEBUG - mac : 10.0.2.15 08:00:27:54:8b:1b->188.213.143.111 52:54:00:12:35:02
2018-02-05 15:17:40,231 INFO - 10.0.2.15 -> nicode.me
2018-02-05 15:17:40,244 INFO - new entry in database(HTTP)
2018-02-05 15:17:42,248 DEBUG - mac : 188.213.143.111 52:54:00:12:35:02->10.0.2.15 08:00:27:54:8b:1b
2018-02-05 15:19:56,026 INFO - run
2018-02-05 15:19:56,027 INFO - type = dns
2018-02-05 15:19:56,032 INFO - run
2018-02-05 15:19:56,032 INFO - type = http
2018-02-05 15:20:01,035 INFO - Starting new HTTP connection (1): nicode.me
2018-02-05 15:20:01,061 INFO - new entry in database(DNS)
2018-02-05 15:20:01,098 DEBUG - "GET /index.html HTTP/1.1" 200 3755
2018-02-05 15:20:03,056 DEBUG - mac : 10.0.2.15 08:00:27:54:8b:1b->188.213.143.111 52:54:00:12:35:02
2018-02-05 15:20:03,059 INFO - 08:00:27:54:8b:1b -> nicode.me
2018-02-05 15:20:03,070 INFO - new entry in database(HTTP)
2018-02-05 15:20:05,074 DEBUG - mac : 188.213.143.111 52:54:00:12:35:02->10.0.2.15 08:00:27:54:8b:1b
2018-02-05 15:21:24,337 INFO - run
2018-02-05 15:21:24,337 INFO - type = dns
2018-02-05 15:21:24,340 INFO - run
2018-02-05 15:21:24,340 INFO - type = http
2018-02-05 15:21:29,346 INFO - Starting new HTTP connection (1): nicode.me
2018-02-05 15:21:29,425 DEBUG - "GET /index.html HTTP/1.1" 200 3755
2018-02-05 15:21:31,380 DEBUG - mac : 10.0.2.15 08:00:27:54:8b:1b->188.213.143.111 52:54:00:12:35:02
2018-02-05 15:21:43,552 INFO - run
2018-02-05 15:21:43,553 INFO - type = dns
2018-02-05 15:21:43,558 INFO - run
2018-02-05 15:21:43,558 INFO - type = http
2018-02-05 15:21:48,565 INFO - Starting new HTTP connection (1): nicode.me
2018-02-05 15:21:48,633 DEBUG - "GET /index.html HTTP/1.1" 200 3755
2018-02-05 15:21:50,594 DEBUG - mac : 10.0.2.15 08:00:27:54:8b:1b->188.213.143.111 52:54:00:12:35:02
2018-02-05 15:21:50,598 WARNING - No corresponding domain
2018-02-05 15:21:52,603 DEBUG - mac : 188.213.143.111 52:54:00:12:35:02->10.0.2.15 08:00:27:54:8b:1b
2018-02-05 15:21:52,606 WARNING - No corresponding domain
2018-02-05 15:22:31,561 INFO - run
2018-02-05 15:22:31,562 INFO - type = dns
2018-02-05 15:22:31,565 INFO - run
2018-02-05 15:22:31,565 INFO - type = http
2018-02-05 15:22:36,581 INFO - Starting new HTTP connection (1): nicode.me
2018-02-05 15:22:36,663 DEBUG - "GET /index.html HTTP/1.1" 200 3755
2018-02-05 15:22:38,617 DEBUG - mac : 10.0.2.15 08:00:27:54:8b:1b->188.213.143.111 52:54:00:12:35:02
2018-02-05 15:22:38,631 WARNING - No corresponding domain
2018-02-05 15:22:40,636 DEBUG - mac : 188.213.143.111 52:54:00:12:35:02->10.0.2.15 08:00:27:54:8b:1b
2018-02-05 15:22:40,640 WARNING - No corresponding domain
2018-02-05 15:23:03,550 INFO - run
2018-02-05 15:23:03,551 INFO - type = dns
2018-02-05 15:23:03,557 INFO - run
2018-02-05 15:23:03,557 INFO - type = http
2018-02-05 15:23:08,562 INFO - Starting new HTTP connection (1): nicode.me
2018-02-05 15:23:08,609 INFO - new entry in database(DNS)
2018-02-05 15:23:08,655 DEBUG - "GET /index.html HTTP/1.1" 200 3755
2018-02-05 15:23:10,608 DEBUG - mac : 10.0.2.15 08:00:27:54:8b:1b->188.213.143.111 52:54:00:12:35:02
2018-02-05 15:23:10,612 INFO - 08:00:27:54:8b:1b -> nicode.me
2018-02-05 15:23:10,625 INFO - new entry in database(HTTP)
2018-02-05 15:23:12,630 DEBUG - mac : 188.213.143.111 52:54:00:12:35:02->10.0.2.15 08:00:27:54:8b:1b
2018-02-05 15:24:31,391 INFO - run
2018-02-05 15:24:31,391 INFO - type = dns
2018-02-05 15:24:31,394 INFO - run
2018-02-05 15:24:31,395 INFO - type = http
2018-02-05 15:24:36,400 INFO - Starting new HTTP connection (1): nicode.me
2018-02-05 15:24:36,438 INFO - new entry in database(DNS)
2018-02-05 15:24:36,474 DEBUG - "GET /index.html HTTP/1.1" 200 3755
2018-02-05 15:24:38,432 DEBUG - mac : 10.0.2.15 08:00:27:54:8b:1b->188.213.143.111 52:54:00:12:35:02
2018-02-05 15:24:38,436 INFO - 08:00:27:54:8b:1b -> nicode.me
2018-02-05 15:24:52,439 INFO - run
2018-02-05 15:24:52,439 INFO - type = dns
2018-02-05 15:24:52,442 INFO - run
2018-02-05 15:24:52,442 INFO - type = http
2018-02-05 15:24:57,450 INFO - Starting new HTTP connection (1): nicode.me
2018-02-05 15:24:57,487 INFO - new entry in database(DNS)
2018-02-05 15:24:57,526 DEBUG - "GET /index.html HTTP/1.1" 200 3755
2018-02-05 15:24:59,480 DEBUG - mac : 10.0.2.15 08:00:27:54:8b:1b->188.213.143.111 52:54:00:12:35:02
2018-02-05 15:24:59,484 INFO - 08:00:27:54:8b:1b -> nicode.me
2018-02-05 15:24:59,495 INFO - new entry in database(HTTP)
2018-02-05 15:25:01,499 DEBUG - mac : 188.213.143.111 52:54:00:12:35:02->10.0.2.15 08:00:27:54:8b:1b
